[3.354s] Invoking command in '/home/ubuntu/ros2_files/workspace_1/src/encoder': PYTHONPATH=/home/ubuntu/ros2_files/workspace_1/build/encoder/prefix_override:/home/ubuntu/ros2_files/workspace_1/install/encoder/lib/python3.10/site-packages:${PYTHONPATH} /usr/bin/python3 setup.py egg_info --egg-base ../../build/encoder build --build-base /home/ubuntu/ros2_files/workspace_1/build/encoder/build install --record /home/ubuntu/ros2_files/workspace_1/build/encoder/install.log --single-version-externally-managed
[4.393s] running egg_info
[4.396s] writing ../../build/encoder/encoder.egg-info/PKG-INFO
[4.401s] writing dependency_links to ../../build/encoder/encoder.egg-info/dependency_links.txt
[4.401s] writing entry points to ../../build/encoder/encoder.egg-info/entry_points.txt
[4.403s] writing requirements to ../../build/encoder/encoder.egg-info/requires.txt
[4.403s] writing top-level names to ../../build/encoder/encoder.egg-info/top_level.txt
[4.412s] reading manifest file '../../build/encoder/encoder.egg-info/SOURCES.txt'
[4.419s] writing manifest file '../../build/encoder/encoder.egg-info/SOURCES.txt'
[4.419s] running build
[4.420s] running build_py
[4.422s] copying encoder/encoder.py -> /home/ubuntu/ros2_files/workspace_1/build/encoder/build/lib/encoder
[4.424s] running install
[4.425s] /usr/lib/python3/dist-packages/setuptools/command/install.py:34: SetuptoolsDeprecationWarning: setup.py install is deprecated. Use build and pip and other standards-based tools.
[4.426s]   warnings.warn(
[4.427s] running install_lib
[4.431s] copying /home/ubuntu/ros2_files/workspace_1/build/encoder/build/lib/encoder/encoder.py -> /home/ubuntu/ros2_files/workspace_1/install/encoder/lib/python3.10/site-packages/encoder
[4.435s] byte-compiling /home/ubuntu/ros2_files/workspace_1/install/encoder/lib/python3.10/site-packages/encoder/encoder.py to encoder.cpython-310.pyc
[4.437s]   File "/home/ubuntu/ros2_files/workspace_1/install/encoder/lib/python3.10/site-packages/encoder/encoder.py", line 22
[4.437s]     	node.get_logger().info(str(pulse_b)
[4.438s]     	                      ^
[4.438s] SyntaxError: '(' was never closed
[4.438s] 
[4.439s] running install_data
[4.441s] running install_egg_info
[4.448s] removing '/home/ubuntu/ros2_files/workspace_1/install/encoder/lib/python3.10/site-packages/encoder-0.0.0-py3.10.egg-info' (and everything under it)
[4.450s] Copying ../../build/encoder/encoder.egg-info to /home/ubuntu/ros2_files/workspace_1/install/encoder/lib/python3.10/site-packages/encoder-0.0.0-py3.10.egg-info
[4.458s] running install_scripts
[4.537s] writing list of installed files to '/home/ubuntu/ros2_files/workspace_1/build/encoder/install.log'
[4.651s] Invoked command in '/home/ubuntu/ros2_files/workspace_1/src/encoder' returned '0': PYTHONPATH=/home/ubuntu/ros2_files/workspace_1/build/encoder/prefix_override:/home/ubuntu/ros2_files/workspace_1/install/encoder/lib/python3.10/site-packages:${PYTHONPATH} /usr/bin/python3 setup.py egg_info --egg-base ../../build/encoder build --build-base /home/ubuntu/ros2_files/workspace_1/build/encoder/build install --record /home/ubuntu/ros2_files/workspace_1/build/encoder/install.log --single-version-externally-managed
