[1.370s] DEBUG:colcon:Command line arguments: ['/usr/bin/colcon', 'build']
[1.370s] DEBUG:colcon:Parsed command line arguments: Namespace(log_base=None, log_level=None, verb_name='build', build_base='build', install_base='install', merge_install=False, symlink_install=False, test_result_base=None, continue_on_error=False, executor='parallel', parallel_workers=4, event_handlers=None, ignore_user_meta=False, metas=['./colcon.meta'], base_paths=['.'], packages_ignore=None, packages_ignore_regex=None, paths=None, packages_up_to=None, packages_up_to_regex=None, packages_above=None, packages_above_and_dependencies=None, packages_above_depth=None, packages_select_by_dep=None, packages_skip_by_dep=None, packages_skip_up_to=None, packages_select_build_failed=False, packages_skip_build_finished=False, packages_select_test_failures=False, packages_skip_test_passed=False, packages_select=None, packages_skip=None, packages_select_regex=None, packages_skip_regex=None, packages_start=None, packages_end=None, allow_overriding=[], cmake_args=None, cmake_target=None, cmake_target_skip_unavailable=False, cmake_clean_cache=False, cmake_clean_first=False, cmake_force_configure=False, ament_cmake_args=None, catkin_cmake_args=None, catkin_skip_building_tests=False, verb_parser=<colcon_defaults.argument_parser.defaults.DefaultArgumentsDecorator object at 0xffffa7cabb50>, verb_extension=<colcon_core.verb.build.BuildVerb object at 0xffffa7c144c0>, main=<bound method BuildVerb.main of <colcon_core.verb.build.BuildVerb object at 0xffffa7c144c0>>)
[1.499s] Level 1:colcon.colcon_core.package_discovery:discover_packages(colcon_meta) check parameters
[1.499s] Level 1:colcon.colcon_core.package_discovery:discover_packages(recursive) check parameters
[1.500s] Level 1:colcon.colcon_core.package_discovery:discover_packages(ignore) check parameters
[1.500s] Level 1:colcon.colcon_core.package_discovery:discover_packages(path) check parameters
[1.500s] Level 1:colcon.colcon_core.package_discovery:discover_packages(colcon_meta) discover
[1.500s] Level 1:colcon.colcon_core.package_discovery:discover_packages(recursive) discover
[1.500s] INFO:colcon.colcon_core.package_discovery:Crawling recursively for packages in '/home/ubuntu/ros2_files/workspace_1'
[1.500s] Level 1:colcon.colcon_core.package_identification:_identify(.) by extensions ['ignore', 'ignore_ament_install']
[1.501s] Level 1:colcon.colcon_core.package_identification:_identify(.) by extension 'ignore'
[1.501s] Level 1:colcon.colcon_core.package_identification:_identify(.) by extension 'ignore_ament_install'
[1.501s] Level 1:colcon.colcon_core.package_identification:_identify(.) by extensions ['colcon_pkg']
[1.501s] Level 1:colcon.colcon_core.package_identification:_identify(.) by extension 'colcon_pkg'
[1.502s] Level 1:colcon.colcon_core.package_identification:_identify(.) by extensions ['colcon_meta']
[1.502s] Level 1:colcon.colcon_core.package_identification:_identify(.) by extension 'colcon_meta'
[1.502s] Level 1:colcon.colcon_core.package_identification:_identify(.) by extensions ['ros']
[1.502s] Level 1:colcon.colcon_core.package_identification:_identify(.) by extension 'ros'
[1.549s] Level 1:colcon.colcon_core.package_identification:_identify(.) by extensions ['cmake', 'python']
[1.549s] Level 1:colcon.colcon_core.package_identification:_identify(.) by extension 'cmake'
[1.549s] Level 1:colcon.colcon_core.package_identification:_identify(.) by extension 'python'
[1.549s] Level 1:colcon.colcon_core.package_identification:_identify(.) by extensions ['python_setup_py']
[1.549s] Level 1:colcon.colcon_core.package_identification:_identify(.) by extension 'python_setup_py'
[1.550s] Level 1:colcon.colcon_core.package_identification:_identify(build) by extensions ['ignore', 'ignore_ament_install']
[1.550s] Level 1:colcon.colcon_core.package_identification:_identify(build) by extension 'ignore'
[1.550s] Level 1:colcon.colcon_core.package_identification:_identify(build) ignored
[1.551s] Level 1:colcon.colcon_core.package_identification:_identify(install) by extensions ['ignore', 'ignore_ament_install']
[1.551s] Level 1:colcon.colcon_core.package_identification:_identify(install) by extension 'ignore'
[1.551s] Level 1:colcon.colcon_core.package_identification:_identify(install) ignored
[1.552s] Level 1:colcon.colcon_core.package_identification:_identify(log) by extensions ['ignore', 'ignore_ament_install']
[1.552s] Level 1:colcon.colcon_core.package_identification:_identify(log) by extension 'ignore'
[1.552s] Level 1:colcon.colcon_core.package_identification:_identify(log) ignored
[1.553s] Level 1:colcon.colcon_core.package_identification:_identify(src) by extensions ['ignore', 'ignore_ament_install']
[1.553s] Level 1:colcon.colcon_core.package_identification:_identify(src) by extension 'ignore'
[1.553s] Level 1:colcon.colcon_core.package_identification:_identify(src) by extension 'ignore_ament_install'
[1.553s] Level 1:colcon.colcon_core.package_identification:_identify(src) by extensions ['colcon_pkg']
[1.553s] Level 1:colcon.colcon_core.package_identification:_identify(src) by extension 'colcon_pkg'
[1.554s] Level 1:colcon.colcon_core.package_identification:_identify(src) by extensions ['colcon_meta']
[1.554s] Level 1:colcon.colcon_core.package_identification:_identify(src) by extension 'colcon_meta'
[1.554s] Level 1:colcon.colcon_core.package_identification:_identify(src) by extensions ['ros']
[1.554s] Level 1:colcon.colcon_core.package_identification:_identify(src) by extension 'ros'
[1.554s] Level 1:colcon.colcon_core.package_identification:_identify(src) by extensions ['cmake', 'python']
[1.554s] Level 1:colcon.colcon_core.package_identification:_identify(src) by extension 'cmake'
[1.555s] Level 1:colcon.colcon_core.package_identification:_identify(src) by extension 'python'
[1.555s] Level 1:colcon.colcon_core.package_identification:_identify(src) by extensions ['python_setup_py']
[1.555s] Level 1:colcon.colcon_core.package_identification:_identify(src) by extension 'python_setup_py'
[1.555s] Level 1:colcon.colcon_core.package_identification:_identify(src/encoder) by extensions ['ignore', 'ignore_ament_install']
[1.556s] Level 1:colcon.colcon_core.package_identification:_identify(src/encoder) by extension 'ignore'
[1.556s] Level 1:colcon.colcon_core.package_identification:_identify(src/encoder) by extension 'ignore_ament_install'
[1.556s] Level 1:colcon.colcon_core.package_identification:_identify(src/encoder) by extensions ['colcon_pkg']
[1.556s] Level 1:colcon.colcon_core.package_identification:_identify(src/encoder) by extension 'colcon_pkg'
[1.556s] Level 1:colcon.colcon_core.package_identification:_identify(src/encoder) by extensions ['colcon_meta']
[1.556s] Level 1:colcon.colcon_core.package_identification:_identify(src/encoder) by extension 'colcon_meta'
[1.557s] Level 1:colcon.colcon_core.package_identification:_identify(src/encoder) by extensions ['ros']
[1.557s] Level 1:colcon.colcon_core.package_identification:_identify(src/encoder) by extension 'ros'
[1.565s] DEBUG:colcon.colcon_core.package_identification:Package 'src/encoder' with type 'ros.ament_python' and name 'encoder'
[1.565s] Level 1:colcon.colcon_core.package_discovery:discover_packages(recursive) using defaults
[1.565s] Level 1:colcon.colcon_core.package_discovery:discover_packages(ignore) discover
[1.565s] Level 1:colcon.colcon_core.package_discovery:discover_packages(ignore) using defaults
[1.565s] Level 1:colcon.colcon_core.package_discovery:discover_packages(path) discover
[1.566s] Level 1:colcon.colcon_core.package_discovery:discover_packages(path) using defaults
[1.655s] Level 1:colcon.colcon_core.package_discovery:discover_packages(prefix_path) check parameters
[1.656s] Level 1:colcon.colcon_core.package_discovery:discover_packages(prefix_path) discover
[1.673s] DEBUG:colcon.colcon_installed_package_information.package_discovery:Found 270 installed packages in /opt/ros/humble
[1.679s] Level 1:colcon.colcon_core.package_discovery:discover_packages(prefix_path) using defaults
[1.925s] Level 5:colcon.colcon_core.verb:set package 'encoder' build argument 'cmake_args' from command line to 'None'
[1.926s] Level 5:colcon.colcon_core.verb:set package 'encoder' build argument 'cmake_target' from command line to 'None'
[1.926s] Level 5:colcon.colcon_core.verb:set package 'encoder' build argument 'cmake_target_skip_unavailable' from command line to 'False'
[1.926s] Level 5:colcon.colcon_core.verb:set package 'encoder' build argument 'cmake_clean_cache' from command line to 'False'
[1.926s] Level 5:colcon.colcon_core.verb:set package 'encoder' build argument 'cmake_clean_first' from command line to 'False'
[1.926s] Level 5:colcon.colcon_core.verb:set package 'encoder' build argument 'cmake_force_configure' from command line to 'False'
[1.926s] Level 5:colcon.colcon_core.verb:set package 'encoder' build argument 'ament_cmake_args' from command line to 'None'
[1.926s] Level 5:colcon.colcon_core.verb:set package 'encoder' build argument 'catkin_cmake_args' from command line to 'None'
[1.926s] Level 5:colcon.colcon_core.verb:set package 'encoder' build argument 'catkin_skip_building_tests' from command line to 'False'
[1.927s] DEBUG:colcon.colcon_core.verb:Building package 'encoder' with the following arguments: {'ament_cmake_args': None, 'build_base': '/home/ubuntu/ros2_files/workspace_1/build/encoder', 'catkin_cmake_args': None, 'catkin_skip_building_tests': False, 'cmake_args': None, 'cmake_clean_cache': False, 'cmake_clean_first': False, 'cmake_force_configure': False, 'cmake_target': None, 'cmake_target_skip_unavailable': False, 'install_base': '/home/ubuntu/ros2_files/workspace_1/install/encoder', 'merge_install': False, 'path': '/home/ubuntu/ros2_files/workspace_1/src/encoder', 'symlink_install': False, 'test_result_base': None}
[1.929s] INFO:colcon.colcon_core.executor:Executing jobs using 'parallel' executor
[1.941s] DEBUG:colcon.colcon_parallel_executor.executor.parallel:run_until_complete
[1.942s] INFO:colcon.colcon_ros.task.ament_python.build:Building ROS package in '/home/ubuntu/ros2_files/workspace_1/src/encoder' with build type 'ament_python'
[1.943s] Level 1:colcon.colcon_core.shell:create_environment_hook('encoder', 'ament_prefix_path')
[1.960s] INFO:colcon.colcon_core.plugin_system:Skipping extension 'colcon_core.shell.bat': Not used on non-Windows systems
[1.961s] INFO:colcon.colcon_core.shell:Creating environment hook '/home/ubuntu/ros2_files/workspace_1/install/encoder/share/encoder/hook/ament_prefix_path.ps1'
[1.964s] INFO:colcon.colcon_core.shell:Creating environment descriptor '/home/ubuntu/ros2_files/workspace_1/install/encoder/share/encoder/hook/ament_prefix_path.dsv'
[1.966s] INFO:colcon.colcon_core.shell:Creating environment hook '/home/ubuntu/ros2_files/workspace_1/install/encoder/share/encoder/hook/ament_prefix_path.sh'
[1.973s] INFO:colcon.colcon_core.shell:Skip shell extension 'powershell' for command environment: Not usable outside of PowerShell
[1.973s] DEBUG:colcon.colcon_core.shell:Skip shell extension 'dsv' for command environment
[3.109s] INFO:colcon.colcon_core.task.python.build:Building Python package in '/home/ubuntu/ros2_files/workspace_1/src/encoder'
[3.114s] INFO:colcon.colcon_core.shell:Skip shell extension 'powershell' for command environment: Not usable outside of PowerShell
[3.114s] DEBUG:colcon.colcon_core.shell:Skip shell extension 'dsv' for command environment
[4.673s] DEBUG:colcon.colcon_core.event_handler.log_command:Invoking command in '/home/ubuntu/ros2_files/workspace_1/src/encoder': PYTHONPATH=/home/ubuntu/ros2_files/workspace_1/build/encoder/prefix_override:/home/ubuntu/ros2_files/workspace_1/install/encoder/lib/python3.10/site-packages:${PYTHONPATH} /usr/bin/python3 setup.py egg_info --egg-base ../../build/encoder build --build-base /home/ubuntu/ros2_files/workspace_1/build/encoder/build install --record /home/ubuntu/ros2_files/workspace_1/build/encoder/install.log --single-version-externally-managed
[5.930s] DEBUG:colcon.colcon_core.event_handler.log_command:Invoked command in '/home/ubuntu/ros2_files/workspace_1/src/encoder' returned '0': PYTHONPATH=/home/ubuntu/ros2_files/workspace_1/build/encoder/prefix_override:/home/ubuntu/ros2_files/workspace_1/install/encoder/lib/python3.10/site-packages:${PYTHONPATH} /usr/bin/python3 setup.py egg_info --egg-base ../../build/encoder build --build-base /home/ubuntu/ros2_files/workspace_1/build/encoder/build install --record /home/ubuntu/ros2_files/workspace_1/build/encoder/install.log --single-version-externally-managed
[5.947s] Level 1:colcon.colcon_core.environment:checking '/home/ubuntu/ros2_files/workspace_1/install/encoder' for CMake module files
[5.949s] Level 1:colcon.colcon_core.environment:checking '/home/ubuntu/ros2_files/workspace_1/install/encoder' for CMake config files
[5.953s] Level 1:colcon.colcon_core.environment:checking '/home/ubuntu/ros2_files/workspace_1/install/encoder/lib'
[5.954s] Level 1:colcon.colcon_core.environment:checking '/home/ubuntu/ros2_files/workspace_1/install/encoder/bin'
[5.954s] Level 1:colcon.colcon_core.environment:checking '/home/ubuntu/ros2_files/workspace_1/install/encoder/lib/pkgconfig/encoder.pc'
[5.955s] Level 1:colcon.colcon_core.environment:checking '/home/ubuntu/ros2_files/workspace_1/install/encoder/lib/python3.10/site-packages'
[5.955s] Level 1:colcon.colcon_core.shell:create_environment_hook('encoder', 'pythonpath')
[5.960s] INFO:colcon.colcon_core.shell:Creating environment hook '/home/ubuntu/ros2_files/workspace_1/install/encoder/share/encoder/hook/pythonpath.ps1'
[5.962s] INFO:colcon.colcon_core.shell:Creating environment descriptor '/home/ubuntu/ros2_files/workspace_1/install/encoder/share/encoder/hook/pythonpath.dsv'
[5.963s] INFO:colcon.colcon_core.shell:Creating environment hook '/home/ubuntu/ros2_files/workspace_1/install/encoder/share/encoder/hook/pythonpath.sh'
[5.966s] Level 1:colcon.colcon_core.environment:checking '/home/ubuntu/ros2_files/workspace_1/install/encoder/bin'
[5.967s] Level 1:colcon.colcon_core.environment:create_environment_scripts_only(encoder)
[5.972s] INFO:colcon.colcon_core.shell:Creating package script '/home/ubuntu/ros2_files/workspace_1/install/encoder/share/encoder/package.ps1'
[5.975s] INFO:colcon.colcon_core.shell:Creating package descriptor '/home/ubuntu/ros2_files/workspace_1/install/encoder/share/encoder/package.dsv'
[5.978s] INFO:colcon.colcon_core.shell:Creating package script '/home/ubuntu/ros2_files/workspace_1/install/encoder/share/encoder/package.sh'
[5.981s] INFO:colcon.colcon_core.shell:Creating package script '/home/ubuntu/ros2_files/workspace_1/install/encoder/share/encoder/package.bash'
[5.985s] INFO:colcon.colcon_core.shell:Creating package script '/home/ubuntu/ros2_files/workspace_1/install/encoder/share/encoder/package.zsh'
[5.987s] Level 1:colcon.colcon_core.environment:create_file_with_runtime_dependencies(/home/ubuntu/ros2_files/workspace_1/install/encoder/share/colcon-core/packages/encoder)
[5.989s] DEBUG:colcon.colcon_parallel_executor.executor.parallel:closing loop
[5.990s] DEBUG:colcon.colcon_parallel_executor.executor.parallel:loop closed
[5.990s] DEBUG:colcon.colcon_parallel_executor.executor.parallel:run_until_complete finished with '0'
[5.991s] DEBUG:colcon.colcon_core.event_reactor:joining thread
[6.011s] INFO:colcon.colcon_core.plugin_system:Skipping extension 'colcon_notification.desktop_notification.notify_send': Could not find 'notify-send'
[6.011s] INFO:colcon.colcon_core.plugin_system:Skipping extension 'colcon_notification.desktop_notification.terminal_notifier': Not used on non-Darwin systems
[6.011s] INFO:colcon.colcon_core.plugin_system:Skipping extension 'colcon_notification.desktop_notification.win32': Not used on non-Windows systems
[6.012s] INFO:colcon.colcon_notification.desktop_notification:Sending desktop notification using 'notify2'
[6.033s] DEBUG:colcon.colcon_notification.desktop_notification.notify2:Failed to initialize notify2: org.freedesktop.DBus.Error.ServiceUnknown: The name org.freedesktop.Notifications was not provided by any .service files
[6.033s] DEBUG:colcon.colcon_core.event_reactor:joined thread
[6.038s] INFO:colcon.colcon_core.shell:Creating prefix script '/home/ubuntu/ros2_files/workspace_1/install/local_setup.ps1'
[6.042s] INFO:colcon.colcon_core.shell:Creating prefix util module '/home/ubuntu/ros2_files/workspace_1/install/_local_setup_util_ps1.py'
[6.048s] INFO:colcon.colcon_core.shell:Creating prefix chain script '/home/ubuntu/ros2_files/workspace_1/install/setup.ps1'
[6.053s] INFO:colcon.colcon_core.shell:Creating prefix script '/home/ubuntu/ros2_files/workspace_1/install/local_setup.sh'
[6.056s] INFO:colcon.colcon_core.shell:Creating prefix util module '/home/ubuntu/ros2_files/workspace_1/install/_local_setup_util_sh.py'
[6.058s] INFO:colcon.colcon_core.shell:Creating prefix chain script '/home/ubuntu/ros2_files/workspace_1/install/setup.sh'
[6.064s] INFO:colcon.colcon_core.shell:Creating prefix script '/home/ubuntu/ros2_files/workspace_1/install/local_setup.bash'
[6.066s] INFO:colcon.colcon_core.shell:Creating prefix chain script '/home/ubuntu/ros2_files/workspace_1/install/setup.bash'
[6.071s] INFO:colcon.colcon_core.shell:Creating prefix script '/home/ubuntu/ros2_files/workspace_1/install/local_setup.zsh'
[6.073s] INFO:colcon.colcon_core.shell:Creating prefix chain script '/home/ubuntu/ros2_files/workspace_1/install/setup.zsh'
