[2.727s] Invoking command in '/home/ubuntu/ros2_files/workspace_1/src/encoder': PYTHONPATH=/home/ubuntu/ros2_files/workspace_1/build/encoder/prefix_override:/home/ubuntu/ros2_files/workspace_1/install/encoder/lib/python3.10/site-packages:${PYTHONPATH} /usr/bin/python3 setup.py egg_info --egg-base ../../build/encoder build --build-base /home/ubuntu/ros2_files/workspace_1/build/encoder/build install --record /home/ubuntu/ros2_files/workspace_1/build/encoder/install.log --single-version-externally-managed
[3.749s] running egg_info
[3.751s] writing ../../build/encoder/encoder.egg-info/PKG-INFO
[3.753s] writing dependency_links to ../../build/encoder/encoder.egg-info/dependency_links.txt
[3.754s] writing entry points to ../../build/encoder/encoder.egg-info/entry_points.txt
[3.755s] writing requirements to ../../build/encoder/encoder.egg-info/requires.txt
[3.755s] writing top-level names to ../../build/encoder/encoder.egg-info/top_level.txt
[3.763s] reading manifest file '../../build/encoder/encoder.egg-info/SOURCES.txt'
[3.766s] writing manifest file '../../build/encoder/encoder.egg-info/SOURCES.txt'
[3.767s] running build
[3.768s] running build_py
[3.768s] copying encoder/encoder.py -> /home/ubuntu/ros2_files/workspace_1/build/encoder/build/lib/encoder
[3.769s] running install
[3.770s] /usr/lib/python3/dist-packages/setuptools/command/install.py:34: SetuptoolsDeprecationWarning: setup.py install is deprecated. Use build and pip and other standards-based tools.
[3.770s]   warnings.warn(
[3.771s] running install_lib
[3.774s] copying /home/ubuntu/ros2_files/workspace_1/build/encoder/build/lib/encoder/encoder.py -> /home/ubuntu/ros2_files/workspace_1/install/encoder/lib/python3.10/site-packages/encoder
[3.777s] byte-compiling /home/ubuntu/ros2_files/workspace_1/install/encoder/lib/python3.10/site-packages/encoder/encoder.py to encoder.cpython-310.pyc
[3.779s] running install_data
[3.781s] running install_egg_info
[3.787s] removing '/home/ubuntu/ros2_files/workspace_1/install/encoder/lib/python3.10/site-packages/encoder-0.0.0-py3.10.egg-info' (and everything under it)
[3.788s] Copying ../../build/encoder/encoder.egg-info to /home/ubuntu/ros2_files/workspace_1/install/encoder/lib/python3.10/site-packages/encoder-0.0.0-py3.10.egg-info
[3.793s] running install_scripts
[3.870s] writing list of installed files to '/home/ubuntu/ros2_files/workspace_1/build/encoder/install.log'
[3.985s] Invoked command in '/home/ubuntu/ros2_files/workspace_1/src/encoder' returned '0': PYTHONPATH=/home/ubuntu/ros2_files/workspace_1/build/encoder/prefix_override:/home/ubuntu/ros2_files/workspace_1/install/encoder/lib/python3.10/site-packages:${PYTHONPATH} /usr/bin/python3 setup.py egg_info --egg-base ../../build/encoder build --build-base /home/ubuntu/ros2_files/workspace_1/build/encoder/build install --record /home/ubuntu/ros2_files/workspace_1/build/encoder/install.log --single-version-externally-managed
