[2.714s] Invoking command in '/home/ubuntu/ros2_files/workspace_1/src/encoder': PYTHONPATH=/home/ubuntu/ros2_files/workspace_1/build/encoder/prefix_override:/home/ubuntu/ros2_files/workspace_1/install/encoder/lib/python3.10/site-packages:${PYTHONPATH} /usr/bin/python3 setup.py egg_info --egg-base ../../build/encoder build --build-base /home/ubuntu/ros2_files/workspace_1/build/encoder/build install --record /home/ubuntu/ros2_files/workspace_1/build/encoder/install.log --single-version-externally-managed
[3.745s] running egg_info
[3.747s] writing ../../build/encoder/encoder.egg-info/PKG-INFO
[3.749s] writing dependency_links to ../../build/encoder/encoder.egg-info/dependency_links.txt
[3.750s] writing entry points to ../../build/encoder/encoder.egg-info/entry_points.txt
[3.751s] writing requirements to ../../build/encoder/encoder.egg-info/requires.txt
[3.751s] writing top-level names to ../../build/encoder/encoder.egg-info/top_level.txt
[3.759s] reading manifest file '../../build/encoder/encoder.egg-info/SOURCES.txt'
[3.762s] writing manifest file '../../build/encoder/encoder.egg-info/SOURCES.txt'
[3.763s] running build
[3.763s] running build_py
[3.764s] copying encoder/encoder.py -> /home/ubuntu/ros2_files/workspace_1/build/encoder/build/lib/encoder
[3.765s] running install
[3.766s] /usr/lib/python3/dist-packages/setuptools/command/install.py:34: SetuptoolsDeprecationWarning: setup.py install is deprecated. Use build and pip and other standards-based tools.
[3.766s]   warnings.warn(
[3.767s] running install_lib
[3.770s] copying /home/ubuntu/ros2_files/workspace_1/build/encoder/build/lib/encoder/encoder.py -> /home/ubuntu/ros2_files/workspace_1/install/encoder/lib/python3.10/site-packages/encoder
[3.772s] byte-compiling /home/ubuntu/ros2_files/workspace_1/install/encoder/lib/python3.10/site-packages/encoder/encoder.py to encoder.cpython-310.pyc
[3.774s] running install_data
[3.776s] running install_egg_info
[3.782s] removing '/home/ubuntu/ros2_files/workspace_1/install/encoder/lib/python3.10/site-packages/encoder-0.0.0-py3.10.egg-info' (and everything under it)
[3.784s] Copying ../../build/encoder/encoder.egg-info to /home/ubuntu/ros2_files/workspace_1/install/encoder/lib/python3.10/site-packages/encoder-0.0.0-py3.10.egg-info
[3.788s] running install_scripts
[3.865s] writing list of installed files to '/home/ubuntu/ros2_files/workspace_1/build/encoder/install.log'
[3.980s] Invoked command in '/home/ubuntu/ros2_files/workspace_1/src/encoder' returned '0': PYTHONPATH=/home/ubuntu/ros2_files/workspace_1/build/encoder/prefix_override:/home/ubuntu/ros2_files/workspace_1/install/encoder/lib/python3.10/site-packages:${PYTHONPATH} /usr/bin/python3 setup.py egg_info --egg-base ../../build/encoder build --build-base /home/ubuntu/ros2_files/workspace_1/build/encoder/build install --record /home/ubuntu/ros2_files/workspace_1/build/encoder/install.log --single-version-externally-managed
