running egg_info
creating ../../build/encoder/encoder.egg-info
writing ../../build/encoder/encoder.egg-info/PKG-INFO
writing dependency_links to ../../build/encoder/encoder.egg-info/dependency_links.txt
writing entry points to ../../build/encoder/encoder.egg-info/entry_points.txt
writing requirements to ../../build/encoder/encoder.egg-info/requires.txt
writing top-level names to ../../build/encoder/encoder.egg-info/top_level.txt
writing manifest file '../../build/encoder/encoder.egg-info/SOURCES.txt'
reading manifest file '../../build/encoder/encoder.egg-info/SOURCES.txt'
writing manifest file '../../build/encoder/encoder.egg-info/SOURCES.txt'
running build
running build_py
creating /home/ubuntu/ros2_files/workspace_1/build/encoder/build
creating /home/ubuntu/ros2_files/workspace_1/build/encoder/build/lib
creating /home/ubuntu/ros2_files/workspace_1/build/encoder/build/lib/encoder
copying encoder/__init__.py -> /home/ubuntu/ros2_files/workspace_1/build/encoder/build/lib/encoder
running install
running install_lib
creating /home/ubuntu/ros2_files/workspace_1/install/encoder/lib/python3.10/site-packages/encoder
copying /home/ubuntu/ros2_files/workspace_1/build/encoder/build/lib/encoder/__init__.py -> /home/ubuntu/ros2_files/workspace_1/install/encoder/lib/python3.10/site-packages/encoder
byte-compiling /home/ubuntu/ros2_files/workspace_1/install/encoder/lib/python3.10/site-packages/encoder/__init__.py to __init__.cpython-310.pyc
running install_data
creating /home/ubuntu/ros2_files/workspace_1/install/encoder/share/ament_index
creating /home/ubuntu/ros2_files/workspace_1/install/encoder/share/ament_index/resource_index
creating /home/ubuntu/ros2_files/workspace_1/install/encoder/share/ament_index/resource_index/packages
copying resource/encoder -> /home/ubuntu/ros2_files/workspace_1/install/encoder/share/ament_index/resource_index/packages
copying package.xml -> /home/ubuntu/ros2_files/workspace_1/install/encoder/share/encoder
running install_egg_info
Copying ../../build/encoder/encoder.egg-info to /home/ubuntu/ros2_files/workspace_1/install/encoder/lib/python3.10/site-packages/encoder-0.0.0-py3.10.egg-info
running install_scripts
writing list of installed files to '/home/ubuntu/ros2_files/workspace_1/build/encoder/install.log'
